Building DAG of jobs...
Creating conda environment ../envs/bowtie.yml...
Downloading and installing remote packages.
Environment for /mnt/xio/botany/Aman/vasuki/snakemake/rules/../envs/bowtie.yml created (location: .snakemake/conda/b17d40829bb2fda4d47730206fd51f8b)
Using shell: /bin/bash
Provided cores: 20
Rules claiming more threads will be scaled down.
Job stats:
job             count    min threads    max threads
------------  -------  -------------  -------------
all                 1              1              1
bowtie_build        1             20             20
total               2              1             20

Select jobs to execute...

[Fri Jul 29 10:54:59 2022]
rule bowtie_build:
    input: database/alnus/alnus_genome.fna
    output: database/alnus/alnus_index.1.bt2
    jobid: 2
    reason: Missing output files: database/alnus/alnus_index.1.bt2
    threads: 20
    resources: tmpdir=/tmp

bowtie2-build  database/alnus/alnus_genome.fna database/alnus/alnus_index --threads 20
Activating conda environment: .snakemake/conda/b17d40829bb2fda4d47730206fd51f8b
[Fri Jul 29 11:02:16 2022]
Finished job 2.
1 of 2 steps (50%) done
Select jobs to execute...

[Fri Jul 29 11:02:16 2022]
localrule all:
    input: database/alnus/alnus_genome.fna, database/alnus/alnus_index.1.bt2
    jobid: 0
    reason: Input files updated by another job: database/alnus/alnus_index.1.bt2
    resources: tmpdir=/tmp

[Fri Jul 29 11:02:16 2022]
Finished job 0.
2 of 2 steps (100%) done
Complete log: .snakemake/log/2022-07-29T105431.746297.snakemake.log
