Building DAG of jobs...
Using shell: /bin/bash
Provided cores: 20
Rules claiming more threads will be scaled down.
Job stats:
job                   count    min threads    max threads
------------------  -------  -------------  -------------
all                       1              1              1
get_unmapped_reads        1             20             20
total                     2              1             20

Select jobs to execute...

[Fri Jul 29 12:25:23 2022]
rule get_unmapped_reads:
    input: ../results_test/unmapped/B002.sam, ../results_test/unmapped/B001.sam
    output: ../results_test/unmapped/B002_R1.fastq, ../results_test/unmapped/B001_R1.fastq, ../results_test/unmapped/B002_R2.fastq, ../results_test/unmapped/B001_R2.fastq
    jobid: 5
    reason: Missing output files: ../results_test/unmapped/B002_R1.fastq, ../results_test/unmapped/B001_R2.fastq, ../results_test/unmapped/B002_R2.fastq, ../results_test/unmapped/B001_R1.fastq
    threads: 20
    resources: tmpdir=/tmp

WorkflowError:
Error when formatting '
         samtools view -u -f 12 -F 256 {input.sample} > {params.path}/unmapped.sam;
         samtools sort -n {params.path}/unmapped.sam -@ {threads} -o  {params.path}/unmapped.sort.sam;
         samtools fastq {params.path}/unmapped.sort.sam -1 {output.reads[0]} -2 {output.reads[0]}; 
         rm {params.path}/unmapped.sort.sam {params.path}/unmapped.sam;
         ' for rule get_unmapped_reads. 'InputFiles' object has no attribute 'sample'
