Building DAG of jobs...
Using shell: /bin/bash
Provided cores: 20
Rules claiming more threads will be scaled down.
Conda environments: ignored
Job stats:
job                      count    min threads    max threads
---------------------  -------  -------------  -------------
all                          1              1              1
bowtie_build                 1             20             20
download_alnus_genome        1              1              1
total                        3              1             20

Select jobs to execute...

[Fri Jul 29 10:53:59 2022]
rule download_alnus_genome:
    output: database/alnus/alnus_genome.fna
    jobid: 1
    reason: Missing output files: database/alnus/alnus_genome.fna
    resources: tmpdir=/tmp

 wget https://ftp.ncbi.nlm.nih.gov/genomes/all/GCA/003/254/965/GCA_003254965.1_ASM325496v1/GCA_003254965.1_ASM325496v1_genomic.fna.gz -O database/alnus/alnus_genome.fna.gz ; gunzip database/alnus/alnus_genome.fna.gz > database/alnus/alnus_genome.fna 
[Fri Jul 29 10:54:15 2022]
Finished job 1.
1 of 3 steps (33%) done
Select jobs to execute...

[Fri Jul 29 10:54:15 2022]
rule bowtie_build:
    input: database/alnus/alnus_genome.fna
    output: database/alnus/alnus_index.1.bt2
    jobid: 2
    reason: Missing output files: database/alnus/alnus_index.1.bt2; Input files updated by another job: database/alnus/alnus_genome.fna
    threads: 20
    resources: tmpdir=/tmp

bowtie2-build  database/alnus/alnus_genome.fna database/alnus/alnus_index --threads 20
[Fri Jul 29 10:54:15 2022]
Error in rule bowtie_build:
    jobid: 2
    output: database/alnus/alnus_index.1.bt2
    conda-env: /mnt/xio/botany/Aman/vasuki/snakemake/rules/.snakemake/conda/b17d40829bb2fda4d47730206fd51f8b
    shell:
        bowtie2-build  database/alnus/alnus_genome.fna database/alnus/alnus_index --threads 20
        (one of the commands exited with non-zero exit code; note that snakemake uses bash strict mode!)

Shutting down, this might take some time.
Exiting because a job execution failed. Look above for error message
Complete log: .snakemake/log/2022-07-29T105359.068775.snakemake.log
