Building DAG of jobs...
Using shell: /bin/bash
Provided cores: 20
Rules claiming more threads will be scaled down.
Job stats:
job                   count    min threads    max threads
------------------  -------  -------------  -------------
all                       1              1              1
get_unmapped_reads        2             20             20
total                     3              1             20

Select jobs to execute...

[Fri Jul 29 13:47:59 2022]
rule get_unmapped_reads:
    input: ../results_test/unmapped/B002.sam
    output: ../results_test/unmapped/B002_R1.fastq, ../results_test/unmapped/B002_R2.fastq
    jobid: 5
    reason: Missing output files: ../results_test/unmapped/B002_R2.fastq, ../results_test/unmapped/B002_R1.fastq
    wildcards: sample=B002
    threads: 20
    resources: tmpdir=/tmp


             samtools view -u -f 12 -F 256 ../results_test/unmapped/B002.sam > ../results_test/unmapped/unmapped.sam
             samtools sort -n -@ 20 ../results_test/unmapped/unmapped.sam ../results_test/unmapped/unmapped.sort.sam
             samtools fastq ../results_test/unmapped/unmapped.sort.sam -1 ../results_test/unmapped/B002_R1.fastq -2 ../results_test/unmapped/B002_R2.fastq; 
#         rm ../results_test/unmapped/unmapped.sort.sam ../results_test/unmapped/unmapped.sam;
        
Activating conda environment: .snakemake/conda/7692c2e92a4d51f193338224d41dbddf
[Fri Jul 29 13:48:05 2022]
Error in rule get_unmapped_reads:
    jobid: 5
    output: ../results_test/unmapped/B002_R1.fastq, ../results_test/unmapped/B002_R2.fastq
    conda-env: /mnt/xio/botany/Aman/vasuki/snakemake/rules/.snakemake/conda/7692c2e92a4d51f193338224d41dbddf
    shell:
        
             samtools view -u -f 12 -F 256 ../results_test/unmapped/B002.sam > ../results_test/unmapped/unmapped.sam
             samtools sort -n -@ 20 ../results_test/unmapped/unmapped.sam ../results_test/unmapped/unmapped.sort.sam
             samtools fastq ../results_test/unmapped/unmapped.sort.sam -1 ../results_test/unmapped/B002_R1.fastq -2 ../results_test/unmapped/B002_R2.fastq; 
#         rm ../results_test/unmapped/unmapped.sort.sam ../results_test/unmapped/unmapped.sam;
        
        (one of the commands exited with non-zero exit code; note that snakemake uses bash strict mode!)

Shutting down, this might take some time.
Exiting because a job execution failed. Look above for error message
Complete log: .snakemake/log/2022-07-29T134757.877293.snakemake.log
