Building DAG of jobs...
Using shell: /bin/bash
Provided cores: 20
Rules claiming more threads will be scaled down.
Conda environments: ignored
Job stats:
job        count    min threads    max threads
-------  -------  -------------  -------------
all            1              1              1
fastqc         2              1              1
multiqc        1              1              1
total          4              1              1

Select jobs to execute...

[Tue Aug  2 12:04:24 2022]
rule fastqc:
    input: ../manan_gruga/T1_S5_R_R1.fastq.gz, ../manan_gruga/T1_S5_R_R2.fastq.gz
    output: ../manan_gruga/fastqc/T1_S5_R_R2.fastq.zip
    jobid: 2
    reason: Missing output files: ../manan_gruga/fastqc/T1_S5_R_R2.fastq.zip
    wildcards: results=manan_gruga, sample=T1_S5_R, read=R2
    resources: tmpdir=/tmp


            fastqc ../manan_gruga/T1_S5_R_R1.fastq.gz ../manan_gruga/T1_S5_R_R2.fastq.gz --outdir=manan_gruga/qc/fastqc
         

[Tue Aug  2 12:04:24 2022]
rule fastqc:
    input: ../manan_gruga/T1_S5_R_R1.fastq.gz, ../manan_gruga/T1_S5_R_R2.fastq.gz
    output: ../manan_gruga/fastqc/T1_S5_R_R1.fastq.zip
    jobid: 1
    reason: Missing output files: ../manan_gruga/fastqc/T1_S5_R_R1.fastq.zip
    wildcards: results=manan_gruga, sample=T1_S5_R, read=R1
    resources: tmpdir=/tmp


            fastqc ../manan_gruga/T1_S5_R_R1.fastq.gz ../manan_gruga/T1_S5_R_R2.fastq.gz --outdir=manan_gruga/qc/fastqc
         
[Tue Aug  2 12:04:24 2022]
Error in rule fastqc:
    jobid: 1
    output: ../manan_gruga/fastqc/T1_S5_R_R1.fastq.zip
    conda-env: /mnt/xio/botany/Aman/vasuki/snakemake/rules/.snakemake/conda/a2b9327e5d14738b9c1493b4e35557b6
    shell:
        
            fastqc ../manan_gruga/T1_S5_R_R1.fastq.gz ../manan_gruga/T1_S5_R_R2.fastq.gz --outdir=manan_gruga/qc/fastqc
         
        (one of the commands exited with non-zero exit code; note that snakemake uses bash strict mode!)

[Tue Aug  2 12:04:24 2022]
Error in rule fastqc:
    jobid: 2
    output: ../manan_gruga/fastqc/T1_S5_R_R2.fastq.zip
    conda-env: /mnt/xio/botany/Aman/vasuki/snakemake/rules/.snakemake/conda/a2b9327e5d14738b9c1493b4e35557b6
    shell:
        
            fastqc ../manan_gruga/T1_S5_R_R1.fastq.gz ../manan_gruga/T1_S5_R_R2.fastq.gz --outdir=manan_gruga/qc/fastqc
         
        (one of the commands exited with non-zero exit code; note that snakemake uses bash strict mode!)

Shutting down, this might take some time.
Exiting because a job execution failed. Look above for error message
Complete log: .snakemake/log/2022-08-02T120424.361552.snakemake.log
